<?xml version="1.0" encoding="UTF-8"?>
<!-- Generated by org.testng.reporters.JUnitXMLReporter -->
<testsuite ignored="0" hostname="Kombe-Laptop" failures="0" tests="6" name="Default test" time="3.121" errors="0" timestamp="2024-03-24T20:38:59 IST">
  <testcase classname="RestAPIBDD.APIOperationsTest" name="DeleteOperationWithQueryParameters" time="1.176"/>
  <testcase classname="RestAPIBDD.APIOperationsTest" name="PostOperationWithHashMap" time="0.218"/>
  <testcase classname="RestAPIBDD.APIOperationsTest" name="PutOperationWithQueryParameters" time="0.018"/>
  <testcase classname="RestAPIBDD.APIOperationsTest" name="getOperation" time="0.015"/>
  <testcase classname="RestAPIBDD.APIOperationsTest" name="getOperationWithParams" time="0.39"/>
  <testcase classname="RestAPIBDD.APIOperationsTest" name="getOperationWithQueryParams" time="1.265"/>
</testsuite> <!-- Default test -->
