<?xml version="1.0" encoding="UTF-8"?>
<!-- Generated by org.testng.reporters.JUnitXMLReporter -->
<testsuite ignored="0" hostname="Kombe-Laptop" failures="0" tests="6" name="Test" time="2.778" errors="0" timestamp="2024-03-24T20:57:10 IST">
  <testcase classname="RestAPIBDD.APIOperationsTest" name="DeleteOperationWithQueryParameters" time="1.127"/>
  <testcase classname="RestAPIBDD.APIOperationsTest" name="PostOperationWithHashMap" time="0.217"/>
  <testcase classname="RestAPIBDD.APIOperationsTest" name="PutOperationWithQueryParameters" time="0.023"/>
  <testcase classname="RestAPIBDD.APIOperationsTest" name="getOperation" time="0.06"/>
  <testcase classname="RestAPIBDD.APIOperationsTest" name="getOperationWithParams" time="0.395"/>
  <testcase classname="RestAPIBDD.APIOperationsTest" name="getOperationWithQueryParams" time="0.925"/>
</testsuite> <!-- Test -->
