<?xml version="1.0" encoding="UTF-8"?>
<testsuite xmlns:xsi="http://www.w3.org/2001/XMLSchema-instance" xsi:noNamespaceSchemaLocation="https://maven.apache.org/surefire/maven-surefire-plugin/xsd/surefire-test-report-3.0.xsd" version="3.0" name="TestSuite" time="3.229" tests="6" errors="0" skipped="0" failures="0">
  <properties>
[...]
</properties>
  <testcase name="DeleteOperationWithQueryParameters" classname="RestAPIBDD.APIOperationsTest" time="1.213">
    <system-out><![CDATA[[TestNGContentHandler] [WARN] It is strongly recommended to add "<!DOCTYPE suite SYSTEM "http://testng.org/testng-1.0.dtd" >" at the top of your file, otherwise TestNG may fail or not work as expected.
Not Found
]]></system-out>
  </testcase>
  <testcase name="PostOperationWithHashMap" classname="RestAPIBDD.APIOperationsTest" time="0.245">
    <system-out><![CDATA[{
    "id": "37f5",
    "name": "Samuel",
    "salary": "7600"
}
]]></system-out>
  </testcase>
  <testcase name="PutOperationWithQueryParameters" classname="RestAPIBDD.APIOperationsTest" time="0.022">
    <system-out><![CDATA[{
    "name": "Samu",
    "salary": "7000",
    "id": "de12"
}
]]></system-out>
  </testcase>
  <testcase name="getOperation" classname="RestAPIBDD.APIOperationsTest" time="0.023">
    <system-out><![CDATA[[
    {
        "id": "1",
        "name": "Pankaj",
        "salary": "10000"
    },
    {
        "name": "David",
        "salary": "5000",
        "id": "2"
    },
    {
        "id": "d69d",
        "name": "Antonella",
        "salary": "30000"
    },
    {
        "id": "3",
        "name": "Demo",
        "salary": "30000"
    },
    {
        "id": "4",
        "name": "Sane",
        "salary": "40000"
    },
    {
        "id": "d141",
        "firstName": "Jasmin",
        "lastName": "Hill",
        "salary": 10000,
        "email": "Jasmin@gmail.com"
    },
    {
        "id": "b09d",
        "firstName": "Sehan",
        "lastName": "Summer",
        "salary": 15000,
        "email": "Sehan@gmail.com"
    },
    {
        "id": "cc0c",
        "name": "Viraj",
        "salary": "7600"
    },
    {
        "id": "9f5b",
        "name": "Savita",
        "salary": "7600"
    },
    {
        "id": "bdf5",
        "name": "Savita",
        "salary": "7600"
    },
    {
        "id": "b74e",
        "name": "Savita",
        "salary": "7600"
    },
    {
        "name": "Samu",
        "salary": "7000",
        "id": "de12"
    },
    {
        "id": "7b2b",
        "name": "Samuel",
        "salary": "7600"
    },
    {
        "id": "4a38",
        "name": "Samuel",
        "salary": "7600"
    },
    {
        "id": "7828",
        "name": "Samuel",
        "salary": "7600"
    },
    {
        "id": "37f5",
        "name": "Samuel",
        "salary": "7600"
    }
]
]]></system-out>
  </testcase>
  <testcase name="getOperationWithParams" classname="RestAPIBDD.APIOperationsTest" time="0.421">
    <system-out><![CDATA[{
    "id": "d141",
    "firstName": "Jasmin",
    "lastName": "Hill",
    "salary": 10000,
    "email": "Jasmin@gmail.com"
}
]]></system-out>
  </testcase>
  <testcase name="getOperationWithQueryParams" classname="RestAPIBDD.APIOperationsTest" time="0.953">
    <system-out><![CDATA[<html>
  <body>{"result:":{"statements":[{"TRANSACTION_ID":"12","ACCOUNT_NO":"1","DATE_OF_TRANSACTION":"2013-11-16","AMOUNT":"500","TRANSACTION_TYPE":"D","DESCRIPTION":"Initial Deposit"},{"TRANSACTION_ID":"23","ACCOUNT_NO":"1","DATE_OF_TRANSACTION":"2013-11-17","AMOUNT":"14","TRANSACTION_TYPE":"t","DESCRIPTION":"yi Tansfer From 14"},{"TRANSACTION_ID":"25","ACCOUNT_NO":"1","DATE_OF_TRANSACTION":"2013-11-18","AMOUNT":"1","TRANSACTION_TYPE":"t","DESCRIPTION":"hgg Tansfer From 15"},{"TRANSACTION_ID":"49745","ACCOUNT_NO":"1","DATE_OF_TRANSACTION":"2017-04-13","AMOUNT":"0","TRANSACTION_TYPE":"t","DESCRIPTION":"0 Tansfer From 1"},{"TRANSACTION_ID":"94867","ACCOUNT_NO":"1","DATE_OF_TRANSACTION":"2018-11-21","AMOUNT":"500","TRANSACTION_TYPE":"t","DESCRIPTION":"cash Tansfer From 14"}]},"message":{"ErrorCode:":0,"ErrorMsg:":"Success"}}</body>
</html>
]]></system-out>
  </testcase>
</testsuite>