<?xml version="1.0" encoding="UTF-8"?>
<testng-results ignored="0" total="6" passed="6" failed="0" skipped="0">
  <reporter-output>
  </reporter-output>
  <suite started-at="2024-03-24T15:49:25Z" name="Suite" finished-at="2024-03-24T15:49:28Z" duration-ms="2892">
    <groups>
    </groups>
    <test started-at="2024-03-24T15:49:25Z" name="Test" finished-at="2024-03-24T15:49:28Z" duration-ms="2892">
      <class name="RestAPIBDD.APIOperationsTest">
        <test-method signature="DeleteOperationWithQueryParameters()[pri:0, instance:RestAPIBDD.APIOperationsTest@2357d90a]" started-at="2024-03-24T15:49:25Z" name="DeleteOperationWithQueryParameters" finished-at="2024-03-24T15:49:26Z" duration-ms="1213" status="PASS">
          <reporter-output>
          </reporter-output>
        </test-method> <!-- DeleteOperationWithQueryParameters -->
        <test-method signature="PostOperationWithHashMap()[pri:0, instance:RestAPIBDD.APIOperationsTest@2357d90a]" started-at="2024-03-24T15:49:26Z" name="PostOperationWithHashMap" finished-at="2024-03-24T15:49:27Z" duration-ms="246" status="PASS">
          <reporter-output>
          </reporter-output>
        </test-method> <!-- PostOperationWithHashMap -->
        <test-method signature="PutOperationWithQueryParameters()[pri:0, instance:RestAPIBDD.APIOperationsTest@2357d90a]" started-at="2024-03-24T15:49:27Z" name="PutOperationWithQueryParameters" finished-at="2024-03-24T15:49:27Z" duration-ms="23" status="PASS">
          <reporter-output>
          </reporter-output>
        </test-method> <!-- PutOperationWithQueryParameters -->
        <test-method signature="getOperation()[pri:0, instance:RestAPIBDD.APIOperationsTest@2357d90a]" started-at="2024-03-24T15:49:27Z" name="getOperation" finished-at="2024-03-24T15:49:27Z" duration-ms="21" status="PASS">
          <reporter-output>
          </reporter-output>
        </test-method> <!-- getOperation -->
        <test-method signature="getOperationWithParams()[pri:0, instance:RestAPIBDD.APIOperationsTest@2357d90a]" started-at="2024-03-24T15:49:27Z" name="getOperationWithParams" finished-at="2024-03-24T15:49:27Z" duration-ms="422" status="PASS">
          <reporter-output>
          </reporter-output>
        </test-method> <!-- getOperationWithParams -->
        <test-method signature="getOperationWithQueryParams()[pri:0, instance:RestAPIBDD.APIOperationsTest@2357d90a]" started-at="2024-03-24T15:49:27Z" name="getOperationWithQueryParams" finished-at="2024-03-24T15:49:28Z" duration-ms="952" status="PASS">
          <reporter-output>
          </reporter-output>
        </test-method> <!-- getOperationWithQueryParams -->
      </class> <!-- RestAPIBDD.APIOperationsTest -->
    </test> <!-- Test -->
  </suite> <!-- Suite -->
</testng-results>
