<?xml version="1.0" encoding="UTF-8"?>
<testng-results ignored="0" total="6" passed="6" failed="0" skipped="0">
  <reporter-output>
  </reporter-output>
  <suite started-at="2024-03-24T20:57:07 IST" name="Suite" finished-at="2024-03-24T20:57:10 IST" duration-ms="2778">
    <groups>
    </groups>
    <test started-at="2024-03-24T20:57:07 IST" name="Test" finished-at="2024-03-24T20:57:10 IST" duration-ms="2778">
      <class name="RestAPIBDD.APIOperationsTest">
        <test-method signature="DeleteOperationWithQueryParameters()[pri:0, instance:RestAPIBDD.APIOperationsTest@384ad17b]" started-at="2024-03-24T20:57:07 IST" name="DeleteOperationWithQueryParameters" finished-at="2024-03-24T20:57:08 IST" duration-ms="1127" status="PASS">
          <reporter-output>
          </reporter-output>
        </test-method> <!-- DeleteOperationWithQueryParameters -->
        <test-method signature="PostOperationWithHashMap()[pri:0, instance:RestAPIBDD.APIOperationsTest@384ad17b]" started-at="2024-03-24T20:57:08 IST" name="PostOperationWithHashMap" finished-at="2024-03-24T20:57:08 IST" duration-ms="217" status="PASS">
          <reporter-output>
          </reporter-output>
        </test-method> <!-- PostOperationWithHashMap -->
        <test-method signature="PutOperationWithQueryParameters()[pri:0, instance:RestAPIBDD.APIOperationsTest@384ad17b]" started-at="2024-03-24T20:57:08 IST" name="PutOperationWithQueryParameters" finished-at="2024-03-24T20:57:08 IST" duration-ms="23" status="PASS">
          <reporter-output>
          </reporter-output>
        </test-method> <!-- PutOperationWithQueryParameters -->
        <test-method signature="getOperation()[pri:0, instance:RestAPIBDD.APIOperationsTest@384ad17b]" started-at="2024-03-24T20:57:08 IST" name="getOperation" finished-at="2024-03-24T20:57:08 IST" duration-ms="60" status="PASS">
          <reporter-output>
          </reporter-output>
        </test-method> <!-- getOperation -->
        <test-method signature="getOperationWithParams()[pri:0, instance:RestAPIBDD.APIOperationsTest@384ad17b]" started-at="2024-03-24T20:57:08 IST" name="getOperationWithParams" finished-at="2024-03-24T20:57:09 IST" duration-ms="395" status="PASS">
          <reporter-output>
          </reporter-output>
        </test-method> <!-- getOperationWithParams -->
        <test-method signature="getOperationWithQueryParams()[pri:0, instance:RestAPIBDD.APIOperationsTest@384ad17b]" started-at="2024-03-24T20:57:09 IST" name="getOperationWithQueryParams" finished-at="2024-03-24T20:57:10 IST" duration-ms="925" status="PASS">
          <reporter-output>
          </reporter-output>
        </test-method> <!-- getOperationWithQueryParams -->
      </class> <!-- RestAPIBDD.APIOperationsTest -->
    </test> <!-- Test -->
  </suite> <!-- Suite -->
</testng-results>
