<?xml version="1.0" encoding="UTF-8"?>
<testng-results ignored="0" total="2" passed="2" failed="0" skipped="0">
  <reporter-output>
  </reporter-output>
  <suite started-at="2024-04-14T08:32:19Z" name="Default suite" finished-at="2024-04-14T08:32:24Z" duration-ms="5122">
    <groups>
    </groups>
    <test started-at="2024-04-14T08:32:19Z" name="Default test" finished-at="2024-04-14T08:32:24Z" duration-ms="5122">
      <class name="com.simplilearn.Phase3Project2RestAssured.List_Users">
        <test-method signature="test1()[pri:0, instance:com.simplilearn.Phase3Project2RestAssured.List_Users@606e4010]" started-at="2024-04-14T08:32:19Z" name="test1" finished-at="2024-04-14T08:32:23Z" duration-ms="4229" status="PASS">
          <reporter-output>
          </reporter-output>
        </test-method> <!-- test1 -->
      </class> <!-- com.simplilearn.Phase3Project2RestAssured.List_Users -->
      <class name="com.simplilearn.Phase3Project2RestAssured.CreateUser">
        <test-method signature="test()[pri:0, instance:com.simplilearn.Phase3Project2RestAssured.CreateUser@8458f04]" started-at="2024-04-14T08:32:23Z" name="test" finished-at="2024-04-14T08:32:24Z" duration-ms="863" status="PASS">
          <reporter-output>
          </reporter-output>
        </test-method> <!-- test -->
      </class> <!-- com.simplilearn.Phase3Project2RestAssured.CreateUser -->
    </test> <!-- Default test -->
  </suite> <!-- Default suite -->
</testng-results>
